{
  "RSpec": {
    "coverage": {
      "/home/cj/Aptana Studio 3 Workspace/senddit/config/environment.rb": [
        null,
        1,
        null,
        null,
        1
      ],
      "/home/cj/Aptana Studio 3 Workspace/senddit/config/application.rb": [
        1,
        null,
        1,
        null,
        1,
        null,
        1,
        null,
        null,
        null,
        null,
        1,
        1,
        null,
        null,
        null,
        null,
        null,
        null,
        null,
        null,
        null,
        null,
        null,
        null,
        null,
        null,
        null,
        null,
        null,
        null,
        null,
        null,
        null,
        null,
        null,
        1,
        null,
        null,
        1,
        null,
        null,
        1,
        null,
        null,
        1,
        1,
        1,
        1,
        null,
        null,
        null,
        1,
        null,
        null
      ],
      "/home/cj/Aptana Studio 3 Workspace/senddit/config/boot.rb": [
        1,
        null,
        null,
        1,
        null,
        1
      ],
      "/home/cj/Aptana Studio 3 Workspace/senddit/config/environments/test.rb": [
        1,
        null,
        null,
        null,
        null,
        null,
        null,
        1,
        null,
        null,
        1,
        1,
        null,
        null,
        1,
        null,
        null,
        1,
        1,
        null,
        null,
        1,
        null,
        null,
        1,
        null,
        null,
        null,
        null,
        1,
        null,
        null,
        null,
        null,
        null,
        null,
        null,
        1,
        null
      ],
      "/home/cj/Aptana Studio 3 Workspace/senddit/config/initializers/backtrace_silencers.rb": [
        null,
        null,
        null,
        null,
        null,
        null,
        null
      ],
      "/home/cj/Aptana Studio 3 Workspace/senddit/config/initializers/devise.rb": [
        null,
        null,
        1,
        null,
        null,
        null,
        1,
        null,
        null,
        null,
        null,
        null,
        null,
        null,
        null,
        1,
        null,
        null,
        null,
        null,
        null,
        null,
        null,
        null,
        null,
        null,
        null,
        null,
        null,
        null,
        null,
        null,
        null,
        null,
        null,
        null,
        null,
        1,
        null,
        null,
        null,
        null,
        1,
        null,
        null,
        null,
        null,
        null,
        null,
        null,
        null,
        null,
        null,
        null,
        null,
        null,
        null,
        null,
        null,
        null,
        null,
        null,
        null,
        null,
        null,
        null,
        null,
        null,
        1,
        null,
        null,
        null,
        null,
        null,
        null,
        null,
        null,
        null,
        null,
        null,
        null,
        null,
        null,
        null,
        null,
        null,
        null,
        null,
        null,
        null,
        null,
        null,
        null,
        null,
        null,
        null,
        1,
        null,
        null,
        null,
        null,
        null,
        null,
        null,
        null,
        null,
        null,
        null,
        null,
        null,
        null,
        null,
        null,
        null,
        null,
        null,
        null,
        null,
        null,
        null,
        null,
        null,
        null,
        null,
        null,
        null,
        null,
        null,
        null,
        null,
        null,
        null,
        null,
        null,
        null,
        null,
        null,
        null,
        null,
        null,
        null,
        null,
        null,
        null,
        null,
        null,
        null,
        1,
        null,
        null,
        null,
        null,
        null,
        null,
        null,
        null,
        null,
        null,
        null,
        null,
        null,
        null,
        null,
        null,
        null,
        null,
        null,
        null,
        null,
        null,
        null,
        null,
        null,
        null,
        null,
        null,
        null,
        null,
        null,
        null,
        null,
        null,
        null,
        null,
        null,
        null,
        null,
        null,
        null,
        null,
        null,
        null,
        null,
        1,
        null,
        null,
        null,
        null,
        null,
        null,
        null,
        null,
        null,
        null,
        null,
        null,
        null,
        null,
        null
      ],
      "/home/cj/Aptana Studio 3 Workspace/senddit/config/initializers/inflections.rb": [
        null,
        null,
        null,
        null,
        null,
        null,
        null,
        null,
        null,
        null
      ],
      "/home/cj/Aptana Studio 3 Workspace/senddit/config/initializers/mime_types.rb": [
        null,
        null,
        null,
        null,
        null
      ],
      "/home/cj/Aptana Studio 3 Workspace/senddit/config/initializers/secret_token.rb": [
        null,
        null,
        null,
        null,
        null,
        null,
        1
      ],
      "/home/cj/Aptana Studio 3 Workspace/senddit/config/initializers/session_store.rb": [
        null,
        null,
        1,
        null,
        null,
        null,
        null,
        null
      ],
      "/home/cj/Aptana Studio 3 Workspace/senddit/config/initializers/wrap_parameters.rb": [
        null,
        null,
        null,
        null,
        null,
        null,
        1,
        1,
        null,
        null,
        null,
        1,
        1,
        null
      ],
      "/home/cj/Aptana Studio 3 Workspace/senddit/config/routes.rb": [
        1,
        1,
        null,
        1,
        null,
        1,
        1,
        null,
        null,
        null,
        null,
        null,
        null,
        null,
        null,
        null,
        null,
        null,
        null,
        null,
        null,
        null,
        null,
        null,
        null,
        null,
        null,
        null,
        null,
        null,
        null,
        null,
        null,
        null,
        null,
        null,
        null,
        null,
        null,
        null,
        null,
        null,
        null,
        null,
        null,
        null,
        null,
        null,
        null,
        null,
        null,
        null,
        null,
        null,
        null,
        null,
        null,
        null,
        null,
        null,
        null,
        null,
        null,
        null,
        null,
        null
      ],
      "/home/cj/Aptana Studio 3 Workspace/senddit/app/models/user.rb": [
        1,
        null,
        null,
        1,
        null,
        null,
        null,
        1,
        null
      ],
      "/home/cj/Aptana Studio 3 Workspace/senddit/app/controllers/application_controller.rb": [
        1,
        1,
        null
      ],
      "/home/cj/Aptana Studio 3 Workspace/senddit/app/helpers/application_helper.rb": [
        1,
        null
      ],
      "/home/cj/Aptana Studio 3 Workspace/senddit/app/helpers/comments_helper.rb": [
        1,
        null
      ],
      "/home/cj/Aptana Studio 3 Workspace/senddit/app/helpers/posts_helper.rb": [
        1,
        null
      ],
      "/home/cj/Aptana Studio 3 Workspace/senddit/app/controllers/comments_controller.rb": [
        1,
        1,
        null,
        1,
        6,
        null,
        null,
        null,
        null,
        1,
        6,
        null,
        6,
        6,
        8,
        4,
        null,
        2,
        4,
        2,
        null,
        null,
        null,
        null
      ],
      "/home/cj/Aptana Studio 3 Workspace/senddit/app/models/comment.rb": [
        1,
        1,
        null,
        1,
        1,
        1,
        null
      ],
      "/home/cj/Aptana Studio 3 Workspace/senddit/app/validators/email_validator.rb": [
        1,
        1,
        43,
        3,
        null,
        null,
        null
      ],
      "/home/cj/Aptana Studio 3 Workspace/senddit/app/controllers/posts_controller.rb": [
        1,
        null,
        null,
        1,
        2,
        null,
        2,
        2,
        2,
        null,
        null,
        null,
        null,
        null,
        1,
        1,
        null,
        1,
        null,
        1,
        1,
        1,
        null,
        null,
        null,
        null,
        null,
        1,
        1,
        null,
        1,
        1,
        1,
        null,
        null,
        null,
        null,
        1,
        1,
        null,
        null,
        null,
        null,
        1,
        5,
        null,
        5,
        5,
        6,
        3,
        null,
        4,
        2,
        null,
        null,
        null,
        null,
        null,
        null,
        1,
        5,
        null,
        5,
        5,
        4,
        2,
        null,
        6,
        3,
        null,
        null,
        null,
        null,
        null,
        null,
        1,
        2,
        2,
        null,
        2,
        4,
        2,
        null,
        null,
        null
      ],
      "/home/cj/Aptana Studio 3 Workspace/senddit/app/models/post.rb": [
        1,
        1,
        1,
        1,
        null,
        1,
        null
      ],
      "/home/cj/Aptana Studio 3 Workspace/senddit/app/validators/url_validator.rb": [
        1,
        1,
        33,
        1,
        null,
        null,
        null
      ],
      "/home/cj/Aptana Studio 3 Workspace/senddit/spec/factories/comments.rb": [
        null,
        null,
        1,
        1,
        1,
        1,
        1,
        null,
        null
      ],
      "/home/cj/Aptana Studio 3 Workspace/senddit/spec/factories/posts.rb": [
        null,
        1,
        1,
        34,
        33,
        1,
        null,
        null
      ],
      "/home/cj/Aptana Studio 3 Workspace/senddit/spec/factories/users.rb": [
        null,
        null,
        1,
        1,
        null,
        null
      ],
      "/home/cj/Aptana Studio 3 Workspace/senddit/spec/views/posts/index.html.erb_spec.rb": [
        1,
        null,
        1,
        1,
        1,
        null,
        null,
        null,
        null,
        null,
        null,
        null,
        null,
        null,
        null,
        null,
        null,
        null,
        1,
        1,
        null,
        1,
        null,
        1,
        null,
        null
      ],
      "/home/cj/Aptana Studio 3 Workspace/senddit/spec/views/posts/show.html.erb_spec.rb": [
        1,
        null,
        1,
        1,
        1,
        1,
        null,
        null,
        1,
        1,
        null,
        1,
        null,
        1,
        null,
        1,
        null,
        null
      ],
      "/home/cj/Aptana Studio 3 Workspace/senddit/spec/views/posts/edit.html.erb_spec.rb": [
        1,
        null,
        1,
        1,
        1,
        null,
        null,
        null,
        null,
        null,
        null,
        1,
        1,
        null,
        null,
        1,
        1,
        1,
        1,
        null,
        null,
        null
      ],
      "/home/cj/Aptana Studio 3 Workspace/senddit/spec/controllers/posts_controller_spec.rb": [
        1,
        null,
        null,
        null,
        null,
        null,
        null,
        null,
        null,
        null,
        null,
        null,
        null,
        null,
        null,
        null,
        null,
        null,
        null,
        null,
        1,
        null,
        null,
        null,
        null,
        1,
        5,
        null,
        null,
        1,
        1,
        1,
        1,
        1,
        null,
        null,
        null,
        1,
        1,
        1,
        1,
        1,
        null,
        null,
        null,
        1,
        1,
        1,
        1,
        null,
        null,
        null,
        1,
        1,
        1,
        1,
        1,
        null,
        null,
        null,
        1,
        1,
        1,
        1,
        1,
        null,
        null,
        null,
        1,
        1,
        1,
        1,
        null,
        null,
        1,
        1,
        1,
        null,
        null,
        null,
        1,
        1,
        null,
        1,
        1,
        1,
        null,
        null,
        1,
        null,
        1,
        1,
        1,
        null,
        null,
        null,
        null,
        1,
        1,
        1,
        1,
        null,
        null,
        null,
        null,
        1,
        1,
        null,
        null,
        1,
        1,
        1,
        1,
        null,
        null,
        1,
        1,
        1,
        1,
        null,
        null,
        null,
        1,
        1,
        1,
        null,
        1,
        1,
        1,
        null,
        null,
        1,
        1,
        null,
        1,
        1,
        1,
        null,
        null,
        null,
        null,
        1,
        1,
        1,
        1,
        1,
        null,
        null,
        null,
        1,
        1,
        1,
        1,
        null,
        null,
        null,
        null
      ],
      "/home/cj/Aptana Studio 3 Workspace/senddit/spec/controllers/comments_controller_spec.rb": [
        1,
        null,
        null,
        null,
        null,
        null,
        null,
        null,
        null,
        null,
        null,
        null,
        null,
        null,
        null,
        null,
        null,
        null,
        null,
        null,
        1,
        null,
        1,
        5,
        null,
        null,
        null,
        null,
        null,
        1,
        3,
        null,
        null,
        1,
        1,
        1,
        1,
        1,
        null,
        null,
        null,
        1,
        1,
        1,
        1,
        null,
        null,
        1,
        1,
        1,
        null,
        null,
        null,
        1,
        1,
        null,
        1,
        1,
        1,
        null,
        null,
        1,
        null,
        1,
        1,
        1,
        1,
        null,
        null,
        null,
        null
      ],
      "/home/cj/Aptana Studio 3 Workspace/senddit/spec/routing/posts_routing_spec.rb": [
        1,
        null,
        1,
        1,
        null,
        1,
        1,
        null,
        null,
        1,
        1,
        null,
        null,
        1,
        1,
        null,
        null,
        1,
        1,
        null,
        null,
        1,
        1,
        null,
        null,
        1,
        1,
        null,
        null,
        1,
        1,
        null,
        null,
        null,
        null
      ],
      "/home/cj/Aptana Studio 3 Workspace/senddit/spec/models/user_spec.rb": [
        1,
        null,
        1,
        1,
        null
      ],
      "/home/cj/Aptana Studio 3 Workspace/senddit/spec/models/post_spec.rb": [
        1,
        null,
        1,
        1,
        1,
        1,
        null,
        null,
        1,
        1,
        1,
        null,
        null,
        1,
        1,
        1,
        null,
        null
      ],
      "/home/cj/Aptana Studio 3 Workspace/senddit/spec/models/comment_spec.rb": [
        1,
        null,
        1,
        null,
        1,
        1,
        1,
        null,
        null,
        1,
        1,
        1,
        1,
        null,
        null,
        1,
        1,
        1,
        null,
        null,
        1,
        1,
        1,
        null,
        null,
        1,
        1,
        1,
        null,
        null,
        null
      ],
      "/home/cj/Aptana Studio 3 Workspace/senddit/spec/helpers/posts_helper_spec.rb": [
        1,
        null,
        null,
        null,
        null,
        null,
        null,
        null,
        null,
        null,
        null,
        null,
        1,
        null
      ],
      "/home/cj/Aptana Studio 3 Workspace/senddit/spec/helpers/comments_helper_spec.rb": [
        1,
        null,
        null,
        null,
        null,
        null,
        null,
        null,
        null,
        null,
        null,
        null,
        1,
        null
      ],
      "/home/cj/Aptana Studio 3 Workspace/senddit/spec/requests/comments_spec.rb": [
        1,
        null,
        1,
        1,
        1,
        null,
        1,
        1,
        1,
        null,
        1,
        null,
        null,
        null
      ],
      "/home/cj/Aptana Studio 3 Workspace/senddit/spec/requests/posts_spec.rb": [
        1,
        null,
        1,
        1,
        1,
        null,
        1,
        1,
        null,
        null,
        null
      ]
    },
    "timestamp": 1324927873
  }
}
